Determining if the function sgemm_ exists failed with the following output:
Change Dir: /home/tjeerd/kalman_test/build/CMakeFiles/CMakeTmp

Run Build Command(s):/usr/bin/gmake -f Makefile cmTC_d1650/fast && /usr/bin/gmake  -f CMakeFiles/cmTC_d1650.dir/build.make CMakeFiles/cmTC_d1650.dir/build
gmake[1]: Entering directory '/home/tjeerd/kalman_test/build/CMakeFiles/CMakeTmp'
Building C object CMakeFiles/cmTC_d1650.dir/CheckFunctionExists.c.o
/usr/bin/gcc   -DCHECK_FUNCTION_EXISTS=sgemm_ -o CMakeFiles/cmTC_d1650.dir/CheckFunctionExists.c.o -c /usr/share/cmake-3.22/Modules/CheckFunctionExists.c
Linking C executable cmTC_d1650
/usr/bin/cmake -E cmake_link_script CMakeFiles/cmTC_d1650.dir/link.txt --verbose=1
/usr/bin/gcc  -DCHECK_FUNCTION_EXISTS=sgemm_ CMakeFiles/cmTC_d1650.dir/CheckFunctionExists.c.o -o cmTC_d1650 
/usr/bin/ld: CMakeFiles/cmTC_d1650.dir/CheckFunctionExists.c.o: in function `main':
CheckFunctionExists.c:(.text+0x14): undefined reference to `sgemm_'
collect2: error: ld returned 1 exit status
gmake[1]: *** [CMakeFiles/cmTC_d1650.dir/build.make:99: cmTC_d1650] Error 1
gmake[1]: Leaving directory '/home/tjeerd/kalman_test/build/CMakeFiles/CMakeTmp'
gmake: *** [Makefile:127: cmTC_d1650/fast] Error 2



Determining if the function cheev_ exists failed with the following output:
Change Dir: /home/tjeerd/kalman_test/build/CMakeFiles/CMakeTmp

Run Build Command(s):/usr/bin/gmake -f Makefile cmTC_428c7/fast && /usr/bin/gmake  -f CMakeFiles/cmTC_428c7.dir/build.make CMakeFiles/cmTC_428c7.dir/build
gmake[1]: Entering directory '/home/tjeerd/kalman_test/build/CMakeFiles/CMakeTmp'
Building C object CMakeFiles/cmTC_428c7.dir/CheckFunctionExists.c.o
/usr/bin/gcc   -DCHECK_FUNCTION_EXISTS=cheev_ -o CMakeFiles/cmTC_428c7.dir/CheckFunctionExists.c.o -c /usr/share/cmake-3.22/Modules/CheckFunctionExists.c
Linking C executable cmTC_428c7
/usr/bin/cmake -E cmake_link_script CMakeFiles/cmTC_428c7.dir/link.txt --verbose=1
/usr/bin/gcc  -DCHECK_FUNCTION_EXISTS=cheev_ CMakeFiles/cmTC_428c7.dir/CheckFunctionExists.c.o -o cmTC_428c7  /usr/lib/x86_64-linux-gnu/libblas.so -lm -ldl 
/usr/bin/ld: CMakeFiles/cmTC_428c7.dir/CheckFunctionExists.c.o: in function `main':
CheckFunctionExists.c:(.text+0x14): undefined reference to `cheev_'
collect2: error: ld returned 1 exit status
gmake[1]: *** [CMakeFiles/cmTC_428c7.dir/build.make:100: cmTC_428c7] Error 1
gmake[1]: Leaving directory '/home/tjeerd/kalman_test/build/CMakeFiles/CMakeTmp'
gmake: *** [Makefile:127: cmTC_428c7/fast] Error 2



Determining if the function cheev_ exists failed with the following output:
Change Dir: /home/tjeerd/kalman_test/build/CMakeFiles/CMakeTmp

Run Build Command(s):/usr/bin/gmake -f Makefile cmTC_02f7d/fast && /usr/bin/gmake  -f CMakeFiles/cmTC_02f7d.dir/build.make CMakeFiles/cmTC_02f7d.dir/build
gmake[1]: Entering directory '/home/tjeerd/kalman_test/build/CMakeFiles/CMakeTmp'
Building C object CMakeFiles/cmTC_02f7d.dir/CheckFunctionExists.c.o
/usr/bin/gcc   -DCHECK_FUNCTION_EXISTS=cheev_ -o CMakeFiles/cmTC_02f7d.dir/CheckFunctionExists.c.o -c /usr/share/cmake-3.22/Modules/CheckFunctionExists.c
Linking C executable cmTC_02f7d
/usr/bin/cmake -E cmake_link_script CMakeFiles/cmTC_02f7d.dir/link.txt --verbose=1
/usr/bin/gcc  -DCHECK_FUNCTION_EXISTS=cheev_ CMakeFiles/cmTC_02f7d.dir/CheckFunctionExists.c.o -o cmTC_02f7d  /usr/lib/x86_64-linux-gnu/liblapack.so /usr/lib/x86_64-linux-gnu/libblas.so -fortranlibs 
gcc: error: unrecognized command-line option ‘-fortranlibs’
gmake[1]: *** [CMakeFiles/cmTC_02f7d.dir/build.make:101: cmTC_02f7d] Error 1
gmake[1]: Leaving directory '/home/tjeerd/kalman_test/build/CMakeFiles/CMakeTmp'
gmake: *** [Makefile:127: cmTC_02f7d/fast] Error 2



